2023-02-27 11:33:02 INFO  Main:36 - saved data reading
2023-02-27 11:33:02 INFO  Main:41 - application start
2023-02-27 11:33:03 INFO  Controller:74 - Main controller initializing
2023-02-27 11:33:06 INFO  NewEditController:91 - new/edit window initializing
2023-02-27 11:33:29 INFO  NewEditController:91 - new/edit window initializing
2023-02-27 11:34:25 INFO  TaskInfoController:25 - task info window initializing
2023-02-27 11:34:25 ERROR Controller:127 - error loading task-info.fxml
2023-02-27 11:34:27 INFO  TaskInfoController:25 - task info window initializing
2024-02-04 20:47:47 INFO  Main:35 - saved data reading
2024-02-04 20:47:47 INFO  Main:40 - application start
2024-02-04 20:47:48 INFO  Controller:74 - Main controller initializing
2024-02-04 20:47:54 INFO  NewEditController:89 - new/edit window initializing
2024-02-04 20:48:29 INFO  NewEditController:89 - new/edit window initializing
2024-02-04 20:49:05 INFO  NewEditController:89 - new/edit window initializing
2024-02-04 20:49:55 INFO  NewEditController:89 - new/edit window initializing
2024-02-04 20:50:19 INFO  NewEditController:89 - new/edit window initializing
2024-02-04 20:50:29 INFO  NewEditController:89 - new/edit window initializing
2024-02-04 20:50:43 INFO  NewEditController:89 - new/edit window initializing
2024-02-04 20:50:48 INFO  NewEditController:89 - new/edit window initializing
2024-02-04 20:51:01 INFO  TaskInfoController:24 - task info window initializing
2024-02-04 20:51:01 ERROR Controller:127 - error loading task-info.fxml
2024-02-04 20:51:03 INFO  TaskInfoController:24 - task info window initializing
2024-02-05 11:47:15 INFO  Main:35 - saved data reading
2024-02-05 11:47:15 INFO  Main:40 - application start
2024-02-05 11:47:17 INFO  Controller:74 - Main controller initializing
2024-02-05 11:48:28 INFO  TaskInfoController:24 - task info window initializing
2024-03-10 17:21:44 INFO  Main:34 - saved data reading
2024-03-10 17:21:44 INFO  Main:39 - application start
2024-03-10 17:21:44 INFO  Controller:74 - Main controller initializing
2024-03-10 17:21:57 INFO  NewEditController:87 - new/edit window initializing
2024-03-10 17:22:00 INFO  NewEditController:87 - new/edit window initializing
2024-03-10 17:22:03 INFO  TaskInfoController:24 - task info window initializing
2024-03-10 17:22:18 INFO  TaskInfoController:24 - task info window initializing
2024-03-10 17:22:21 INFO  TaskInfoController:24 - task info window initializing
2024-03-10 17:26:55 INFO  NewEditController:87 - new/edit window initializing
2024-03-10 17:27:15 INFO  NewEditController:87 - new/edit window initializing
2024-03-10 17:27:48 INFO  NewEditController:87 - new/edit window initializing
2024-03-10 18:20:26 INFO  Main:34 - saved data reading
2024-03-10 18:20:26 INFO  Main:39 - application start
2024-03-10 18:20:26 INFO  Controller:74 - Main controller initializing
2024-03-10 18:20:32 INFO  NewEditController:87 - new/edit window initializing
2024-03-10 18:20:56 INFO  NewEditController:87 - new/edit window initializing
2024-03-10 19:13:03 INFO  Main:34 - saved data reading
2024-03-10 19:13:03 INFO  Main:39 - application start
2024-03-10 19:13:03 INFO  Controller:74 - Main controller initializing
2024-03-10 19:13:51 INFO  TaskInfoController:24 - task info window initializing
2024-03-10 19:13:51 ERROR Controller:127 - error loading task-info.fxml
2024-03-10 19:13:53 INFO  TaskInfoController:24 - task info window initializing
2024-03-10 19:13:53 ERROR Controller:127 - error loading task-info.fxml
2024-03-10 19:13:54 INFO  TaskInfoController:24 - task info window initializing
2024-03-10 19:14:02 INFO  NewEditController:87 - new/edit window initializing
2024-03-10 19:14:12 INFO  TaskInfoController:24 - task info window initializing
2024-03-10 19:16:07 INFO  TaskInfoController:24 - task info window initializing
2024-03-10 19:54:06 INFO  Main:34 - saved data reading
2024-03-10 19:54:06 INFO  Main:39 - application start
2024-03-10 19:54:06 INFO  MainController:75 - Main controller initializing
2024-03-10 19:55:56 INFO  Main:34 - saved data reading
2024-03-10 19:55:56 INFO  Main:39 - application start
2024-03-10 19:55:56 INFO  MainController:75 - Main controller initializing
2024-03-10 19:57:16 INFO  Main:34 - saved data reading
2024-03-10 19:57:16 INFO  Main:39 - application start
2024-03-10 19:57:16 INFO  MainController:75 - Main controller initializing
2024-03-10 20:00:12 INFO  Main:34 - saved data reading
2024-03-10 20:00:12 INFO  Main:39 - application start
2024-03-10 20:00:12 INFO  MainController:75 - Main controller initializing
2024-03-10 20:00:13 INFO  Notificator:64 - push notification showing
2024-03-10 20:01:21 INFO  NewEditController:85 - new/edit window initializing
2024-03-10 20:08:11 INFO  Main:34 - saved data reading
2024-03-10 20:08:11 INFO  Main:39 - application start
2024-03-10 20:08:11 INFO  MainController:75 - Main controller initializing
2024-03-10 20:08:16 INFO  NewEditController:86 - new/edit window initializing
2024-03-10 20:08:46 INFO  Main:34 - saved data reading
2024-03-10 20:08:46 INFO  Main:39 - application start
2024-03-10 20:08:46 INFO  MainController:75 - Main controller initializing
2024-03-10 20:08:52 INFO  NewEditController:86 - new/edit window initializing
2024-03-10 20:10:32 INFO  Main:34 - saved data reading
2024-03-10 20:10:32 INFO  Main:39 - application start
2024-03-10 20:10:32 INFO  MainController:75 - Main controller initializing
2024-03-10 20:10:34 INFO  NewEditController:86 - new/edit window initializing
2024-03-10 20:13:20 INFO  Main:34 - saved data reading
2024-03-10 20:13:20 INFO  Main:39 - application start
2024-03-10 20:13:21 INFO  MainController:75 - Main controller initializing
2024-03-10 20:13:24 INFO  NewEditController:86 - new/edit window initializing
